<?xml version="1.0" encoding="UTF-8"?>
<!-- Generated by org.testng.reporters.JUnitReportReporter -->
<testsuite skipped="0" hostname="Pinkey" name="mypackage.Test9" tests="2" failures="0" timestamp="2021-02-09T00:15:29 IST" time="46.070" errors="2">
  <testcase name="close" time="0.001" classname="mypackage.Test9">
    <error type="java.lang.NullPointerException">
      <![CDATA[java.lang.NullPointerException
at mypackage.Test9.close(Test9.java:38)
at sun.reflect.NativeMethodAccessorImpl.invoke0(Native Method)
at sun.reflect.NativeMethodAccessorImpl.invoke(NativeMethodAccessorImpl.java:62)
at sun.reflect.DelegatingMethodAccessorImpl.invoke(DelegatingMethodAccessorImpl.java:43)
at java.lang.reflect.Method.invoke(Method.java:498)
at org.testng.internal.MethodInvocationHelper.invokeMethod(MethodInvocationHelper.java:134)
at org.testng.internal.TestInvoker.invokeMethod(TestInvoker.java:597)
at org.testng.internal.TestInvoker.invokeTestMethod(TestInvoker.java:173)
at org.testng.internal.MethodRunner.runInSequence(MethodRunner.java:46)
at org.testng.internal.TestInvoker$MethodInvocationAgent.invoke(TestInvoker.java:816)
at org.testng.internal.TestInvoker.invokeTestMethods(TestInvoker.java:146)
at org.testng.internal.TestMethodWorker.invokeTestMethods(TestMethodWorker.java:146)
at org.testng.internal.TestMethodWorker.run(TestMethodWorker.java:128)
at java.util.ArrayList.forEach(ArrayList.java:1249)
at org.testng.TestRunner.privateRun(TestRunner.java:766)
at org.testng.TestRunner.run(TestRunner.java:587)
at org.testng.SuiteRunner.runTest(SuiteRunner.java:384)
at org.testng.SuiteRunner.runSequentially(SuiteRunner.java:378)
at org.testng.SuiteRunner.privateRun(SuiteRunner.java:337)
at org.testng.SuiteRunner.run(SuiteRunner.java:286)
at org.testng.SuiteRunnerWorker.runSuite(SuiteRunnerWorker.java:53)
at org.testng.SuiteRunnerWorker.run(SuiteRunnerWorker.java:96)
at org.testng.TestNG.runSuitesSequentially(TestNG.java:1187)
at org.testng.TestNG.runSuitesLocally(TestNG.java:1109)
at org.testng.TestNG.runSuites(TestNG.java:1039)
at org.testng.TestNG.run(TestNG.java:1007)
at org.apache.maven.surefire.testng.TestNGExecutor.run(TestNGExecutor.java:295)
at org.apache.maven.surefire.testng.TestNGXmlTestSuite.execute(TestNGXmlTestSuite.java:84)
at org.apache.maven.surefire.testng.TestNGProvider.invoke(TestNGProvider.java:90)
at org.apache.maven.surefire.booter.ForkedBooter.invokeProviderInSameClassLoader(ForkedBooter.java:203)
at org.apache.maven.surefire.booter.ForkedBooter.runSuitesInProcess(ForkedBooter.java:155)
at org.apache.maven.surefire.booter.ForkedBooter.main(ForkedBooter.java:103)
]]>
    </error>
  </testcase> <!-- close -->
  <system-out/>
  <testcase name="Message" time="46.069" classname="mypackage.Test9">
    <error type="org.openqa.selenium.SessionNotCreatedException" message="session not created
from disconnected: Unable to receive message from renderer
  (Session info: chrome=88.0.4324.146)
Build info: version: &#039;3.141.59&#039;, revision: &#039;e82be7d358&#039;, time: &#039;2018-11-14T08:17:03&#039;
System info: host: &#039;PINKEY&#039;, ip: &#039;192.168.43.247&#039;, os.name: &#039;Windows 10&#039;, os.arch: &#039;amd64&#039;, os.version: &#039;10.0&#039;, java.version: &#039;1.8.0_101&#039;
Driver info: driver.version: ChromeDriver
remote stacktrace: Backtrace:
	GetHandleVerifier [0x0092B963+483]
	GetHandleVerifier [0x0092B941+449]
	GetHandleVerifier [0x00CD3308+3832712]
	GetHandleVerifier [0x00CC77E4+3784804]
	GetHandleVerifier [0x00CC6A47+3781319]
	GetHandleVerifier [0x00CC6E36+3782326]
	GetHandleVerifier [0x00CC6765+3780581]
	GetHandleVerifier [0x00CCFB21+3818401]
	GetHandleVerifier [0x00CC6721+3780513]
	GetHandleVerifier [0x00CC74B2+3783986]
	GetHandleVerifier [0x00CC6A47+3781319]
	GetHandleVerifier [0x00CC6E36+3782326]
	GetHandleVerifier [0x00CC6765+3780581]
	GetHandleVerifier [0x00CCDF9C+3811356]
	GetHandleVerifier [0x00CC6721+3780513]
	GetHandleVerifier [0x00CC74B2+3783986]
	GetHandleVerifier [0x00CC6A47+3781319]
	GetHandleVerifier [0x00CC6E36+3782326]
	GetHandleVerifier [0x00CC6765+3780581]
	GetHandleVerifier [0x00CCC392+3804178]
	GetHandleVerifier [0x00CC6721+3780513]
	GetHandleVerifier [0x00CC74B2+3783986]
	GetHandleVerifier [0x00CC6A47+3781319]
	GetHandleVerifier [0x00CC6E36+3782326]
	GetHandleVerifier [0x00CC6765+3780581]
	GetHandleVerifier [0x00CCB655+3800789]
	GetHandleVerifier [0x00CC6721+3780513]
	GetHandleVerifier [0x00CC74B2+3783986]
	GetHandleVerifier [0x00CC6A47+3781319]
	GetHandleVerifier [0x00CC6E36+3782326]
	GetHandleVerifier [0x00CC6765+3780581]
	GetHandleVerifier [0x00CC2F46+3766214]
	GetHandleVerifier [0x00CC6721+3780513]
	GetHandleVerifier [0x00CC6543+3780035]
	GetHandleVerifier [0x00CC6337+3779511]
	GetHandleVerifier [0x00CD4540+3837376]
	GetHandleVerifier [0x00D0F4BC+4078908]
	GetHandleVerifier [0x00D0E56C+4074988]
	GetHandleVerifier [0x00D0B2EB+4062059]
	GetHandleVerifier [0x00CEED14+3945876]
	GetHandleVerifier [0x00CEFBCE+3949646]
	GetHandleVerifier [0x00CEFB59+3949529]
	Ordinal0 [0x008EB5CC+46540]
	Ordinal0 [0x008E9F53+40787]
	Ordinal0 [0x008E9B12+39698]
	GetHandleVerifier [0x00BF1468+2907368]
	GetHandleVerifier [0x00A371EE+1096302]
	GetHandleVerifier [0x009F3E8D+821005]
	GetHandleVerifier [0x009F396B+819691]
	GetHandleVerifier [0x009F3881+819457]
	GetHandleVerifier [0x00A1F463+998627]
	BaseThreadInitThunk [0x753A6359+25]
	RtlGetAppContainerNamedObjectPath [0x775A8944+228]
	RtlGetAppContainerNamedObjectPath [0x775A8914+180]
">
      <![CDATA[org.openqa.selenium.SessionNotCreatedException: session not created
from disconnected: Unable to receive message from renderer
  (Session info: chrome=88.0.4324.146)
Build info: version: '3.141.59', revision: 'e82be7d358', time: '2018-11-14T08:17:03'
System info: host: 'PINKEY', ip: '192.168.43.247', os.name: 'Windows 10', os.arch: 'amd64', os.version: '10.0', java.version: '1.8.0_101'
Driver info: driver.version: ChromeDriver
remote stacktrace: Backtrace:
GetHandleVerifier [0x0092B963+483]
GetHandleVerifier [0x0092B941+449]
GetHandleVerifier [0x00CD3308+3832712]
GetHandleVerifier [0x00CC77E4+3784804]
GetHandleVerifier [0x00CC6A47+3781319]
GetHandleVerifier [0x00CC6E36+3782326]
GetHandleVerifier [0x00CC6765+3780581]
GetHandleVerifier [0x00CCFB21+3818401]
GetHandleVerifier [0x00CC6721+3780513]
GetHandleVerifier [0x00CC74B2+3783986]
GetHandleVerifier [0x00CC6A47+3781319]
GetHandleVerifier [0x00CC6E36+3782326]
GetHandleVerifier [0x00CC6765+3780581]
GetHandleVerifier [0x00CCDF9C+3811356]
GetHandleVerifier [0x00CC6721+3780513]
GetHandleVerifier [0x00CC74B2+3783986]
GetHandleVerifier [0x00CC6A47+3781319]
GetHandleVerifier [0x00CC6E36+3782326]
GetHandleVerifier [0x00CC6765+3780581]
GetHandleVerifier [0x00CCC392+3804178]
GetHandleVerifier [0x00CC6721+3780513]
GetHandleVerifier [0x00CC74B2+3783986]
GetHandleVerifier [0x00CC6A47+3781319]
GetHandleVerifier [0x00CC6E36+3782326]
GetHandleVerifier [0x00CC6765+3780581]
GetHandleVerifier [0x00CCB655+3800789]
GetHandleVerifier [0x00CC6721+3780513]
GetHandleVerifier [0x00CC74B2+3783986]
GetHandleVerifier [0x00CC6A47+3781319]
GetHandleVerifier [0x00CC6E36+3782326]
GetHandleVerifier [0x00CC6765+3780581]
GetHandleVerifier [0x00CC2F46+3766214]
GetHandleVerifier [0x00CC6721+3780513]
GetHandleVerifier [0x00CC6543+3780035]
GetHandleVerifier [0x00CC6337+3779511]
GetHandleVerifier [0x00CD4540+3837376]
GetHandleVerifier [0x00D0F4BC+4078908]
GetHandleVerifier [0x00D0E56C+4074988]
GetHandleVerifier [0x00D0B2EB+4062059]
GetHandleVerifier [0x00CEED14+3945876]
GetHandleVerifier [0x00CEFBCE+3949646]
GetHandleVerifier [0x00CEFB59+3949529]
Ordinal0 [0x008EB5CC+46540]
Ordinal0 [0x008E9F53+40787]
Ordinal0 [0x008E9B12+39698]
GetHandleVerifier [0x00BF1468+2907368]
GetHandleVerifier [0x00A371EE+1096302]
GetHandleVerifier [0x009F3E8D+821005]
GetHandleVerifier [0x009F396B+819691]
GetHandleVerifier [0x009F3881+819457]
GetHandleVerifier [0x00A1F463+998627]
BaseThreadInitThunk [0x753A6359+25]
RtlGetAppContainerNamedObjectPath [0x775A8944+228]
RtlGetAppContainerNamedObjectPath [0x775A8914+180]

at sun.reflect.NativeConstructorAccessorImpl.newInstance0(Native Method)
at sun.reflect.NativeConstructorAccessorImpl.newInstance(NativeConstructorAccessorImpl.java:62)
at sun.reflect.DelegatingConstructorAccessorImpl.newInstance(DelegatingConstructorAccessorImpl.java:45)
at java.lang.reflect.Constructor.newInstance(Constructor.java:423)
at org.openqa.selenium.remote.W3CHandshakeResponse.lambda$errorHandler$0(W3CHandshakeResponse.java:62)
at org.openqa.selenium.remote.HandshakeResponse.lambda$getResponseFunction$0(HandshakeResponse.java:30)
at org.openqa.selenium.remote.ProtocolHandshake.lambda$createSession$0(ProtocolHandshake.java:126)
at java.util.stream.ReferencePipeline$3$1.accept(ReferencePipeline.java:193)
at java.util.Spliterators$ArraySpliterator.tryAdvance(Spliterators.java:958)
at java.util.stream.ReferencePipeline.forEachWithCancel(ReferencePipeline.java:126)
at java.util.stream.AbstractPipeline.copyIntoWithCancel(AbstractPipeline.java:498)
at java.util.stream.AbstractPipeline.copyInto(AbstractPipeline.java:485)
at java.util.stream.AbstractPipeline.wrapAndCopyInto(AbstractPipeline.java:471)
at java.util.stream.FindOps$FindOp.evaluateSequential(FindOps.java:152)
at java.util.stream.AbstractPipeline.evaluate(AbstractPipeline.java:234)
at java.util.stream.ReferencePipeline.findFirst(ReferencePipeline.java:464)
at org.openqa.selenium.remote.ProtocolHandshake.createSession(ProtocolHandshake.java:128)
at org.openqa.selenium.remote.ProtocolHandshake.createSession(ProtocolHandshake.java:74)
at org.openqa.selenium.remote.HttpCommandExecutor.execute(HttpCommandExecutor.java:136)
at org.openqa.selenium.remote.service.DriverCommandExecutor.execute(DriverCommandExecutor.java:83)
at org.openqa.selenium.remote.RemoteWebDriver.execute(RemoteWebDriver.java:552)
at org.openqa.selenium.remote.RemoteWebDriver.startSession(RemoteWebDriver.java:213)
at org.openqa.selenium.remote.RemoteWebDriver.<init>(RemoteWebDriver.java:131)
at org.openqa.selenium.chrome.ChromeDriver.<init>(ChromeDriver.java:181)
at org.openqa.selenium.chrome.ChromeDriver.<init>(ChromeDriver.java:168)
at org.openqa.selenium.chrome.ChromeDriver.<init>(ChromeDriver.java:123)
at mypackage.Test9.Message(Test9.java:18)
at sun.reflect.NativeMethodAccessorImpl.invoke0(Native Method)
at sun.reflect.NativeMethodAccessorImpl.invoke(NativeMethodAccessorImpl.java:62)
at sun.reflect.DelegatingMethodAccessorImpl.invoke(DelegatingMethodAccessorImpl.java:43)
at java.lang.reflect.Method.invoke(Method.java:498)
at org.testng.internal.MethodInvocationHelper.invokeMethod(MethodInvocationHelper.java:134)
at org.testng.internal.TestInvoker.invokeMethod(TestInvoker.java:597)
at org.testng.internal.TestInvoker.invokeTestMethod(TestInvoker.java:173)
at org.testng.internal.MethodRunner.runInSequence(MethodRunner.java:46)
at org.testng.internal.TestInvoker$MethodInvocationAgent.invoke(TestInvoker.java:816)
at org.testng.internal.TestInvoker.invokeTestMethods(TestInvoker.java:146)
at org.testng.internal.TestMethodWorker.invokeTestMethods(TestMethodWorker.java:146)
at org.testng.internal.TestMethodWorker.run(TestMethodWorker.java:128)
at java.util.ArrayList.forEach(ArrayList.java:1249)
at org.testng.TestRunner.privateRun(TestRunner.java:766)
at org.testng.TestRunner.run(TestRunner.java:587)
at org.testng.SuiteRunner.runTest(SuiteRunner.java:384)
at org.testng.SuiteRunner.runSequentially(SuiteRunner.java:378)
at org.testng.SuiteRunner.privateRun(SuiteRunner.java:337)
at org.testng.SuiteRunner.run(SuiteRunner.java:286)
at org.testng.SuiteRunnerWorker.runSuite(SuiteRunnerWorker.java:53)
at org.testng.SuiteRunnerWorker.run(SuiteRunnerWorker.java:96)
at org.testng.TestNG.runSuitesSequentially(TestNG.java:1187)
at org.testng.TestNG.runSuitesLocally(TestNG.java:1109)
at org.testng.TestNG.runSuites(TestNG.java:1039)
at org.testng.TestNG.run(TestNG.java:1007)
at org.apache.maven.surefire.testng.TestNGExecutor.run(TestNGExecutor.java:295)
at org.apache.maven.surefire.testng.TestNGXmlTestSuite.execute(TestNGXmlTestSuite.java:84)
at org.apache.maven.surefire.testng.TestNGProvider.invoke(TestNGProvider.java:90)
at org.apache.maven.surefire.booter.ForkedBooter.invokeProviderInSameClassLoader(ForkedBooter.java:203)
at org.apache.maven.surefire.booter.ForkedBooter.runSuitesInProcess(ForkedBooter.java:155)
at org.apache.maven.surefire.booter.ForkedBooter.main(ForkedBooter.java:103)
]]>
    </error>
  </testcase> <!-- Message -->
  <system-out/>
</testsuite> <!-- mypackage.Test9 -->
